<?xml version="1.0" encoding="UTF-8"?>
<beans xmlns="http://www.springframework.org/schema/beans"
       xmlns:xsi="http://www.w3.org/2001/XMLSchema-instance"
       xmlns:osgi="http://www.springframework.org/schema/osgi"
       xmlns:context="http://www.springframework.org/schema/context/spring-context.xsd"
       xsi:schemaLocation="

http://www.springframework.org/schema/beans


http://www.springframework.org/schema/beans/spring-beans-3.0.xsd


http://www.springframework.org/schema/osgi


http://www.springframework.org/schema/osgi/spring-osgi.xsd">

    <bean id="test" class="tln.Test" init-method="start" destroy-method="stop"
          lazy-init="false" >
        <constructor-arg ref="drugDAOService"/>
    </bean>

    <osgi:reference id="drugDAOService" interface="tln.able.DrugDAO"/>
</beans>